[debug] [2026-03-31T13:19:01.938Z] ----------------------------------------------------------------------
[debug] [2026-03-31T13:19:01.940Z] Command:       /opt/homebrew/Cellar/node/25.8.2/bin/node /opt/homebrew/bin/firebase deploy
[debug] [2026-03-31T13:19:01.940Z] CLI Version:   15.12.0
[debug] [2026-03-31T13:19:01.940Z] Platform:      darwin
[debug] [2026-03-31T13:19:01.940Z] Node Version:  v25.8.2
[debug] [2026-03-31T13:19:01.940Z] Time:          Tue Mar 31 2026 18:49:01 GMT+0530 (India Standard Time)
[debug] [2026-03-31T13:19:01.940Z] ----------------------------------------------------------------------
[debug] 
[debug] [2026-03-31T13:19:02.708Z] > command requires scopes: ["email","openid","https://www.googleapis.com/auth/cloudplatformprojects.readonly","https://www.googleapis.com/auth/firebase","https://www.googleapis.com/auth/cloud-platform"]
[debug] [2026-03-31T13:19:02.708Z] > authorizing via signed-in user (email.anshulyadav@gmail.com)
[debug] [2026-03-31T13:19:02.708Z] [iam] checking project aydigi for permissions ["firebase.projects.get","firebasehosting.sites.update"]
[debug] [2026-03-31T13:19:02.708Z] Checked if tokens are valid: true, expires at: 1774966739816
[debug] [2026-03-31T13:19:02.708Z] Checked if tokens are valid: true, expires at: 1774966739816
[debug] [2026-03-31T13:19:02.709Z] >>> [apiv2][query] POST https://cloudresourcemanager.googleapis.com/v1/projects/aydigi:testIamPermissions [none]
[debug] [2026-03-31T13:19:02.709Z] >>> [apiv2][(partial)header] POST https://cloudresourcemanager.googleapis.com/v1/projects/aydigi:testIamPermissions  x-goog-user-project=aydigi
[debug] [2026-03-31T13:19:02.709Z] >>> [apiv2][body] POST https://cloudresourcemanager.googleapis.com/v1/projects/aydigi:testIamPermissions {"permissions":["firebase.projects.get","firebasehosting.sites.update"]}
[debug] [2026-03-31T13:19:04.236Z] <<< [apiv2][status] POST https://cloudresourcemanager.googleapis.com/v1/projects/aydigi:testIamPermissions 400
[debug] [2026-03-31T13:19:04.236Z] <<< [apiv2][body] POST https://cloudresourcemanager.googleapis.com/v1/projects/aydigi:testIamPermissions {"error":{"code":400,"message":"Project 'projects/aydigi' not found or deleted.","status":"INVALID_ARGUMENT","details":[{"@type":"type.googleapis.com/google.rpc.ErrorInfo","reason":"USER_PROJECT_DENIED","domain":"googleapis.com","metadata":{"service":"cloudresourcemanager.googleapis.com","consumer":"projects/aydigi","containerInfo":"projects/aydigi"}}]}}
[debug] [2026-03-31T13:19:04.237Z] [iam] error while checking permissions, command may fail: Request to https://cloudresourcemanager.googleapis.com/v1/projects/aydigi:testIamPermissions had HTTP Error: 400, Project 'projects/aydigi' not found or deleted.
[debug] [2026-03-31T13:19:04.237Z] Checked if tokens are valid: true, expires at: 1774966739816
[debug] [2026-03-31T13:19:04.237Z] Checked if tokens are valid: true, expires at: 1774966739816
[debug] [2026-03-31T13:19:04.237Z] >>> [apiv2][query] GET https://firebase.googleapis.com/v1beta1/projects/aydigi [none]
[debug] [2026-03-31T13:19:05.046Z] <<< [apiv2][status] GET https://firebase.googleapis.com/v1beta1/projects/aydigi 403
[debug] [2026-03-31T13:19:05.046Z] <<< [apiv2][body] GET https://firebase.googleapis.com/v1beta1/projects/aydigi {"error":{"code":403,"message":"The caller does not have permission","status":"PERMISSION_DENIED"}}
[debug] [2026-03-31T13:19:05.047Z] Request to https://firebase.googleapis.com/v1beta1/projects/aydigi had HTTP Error: 403, The caller does not have permission
[debug] [2026-03-31T13:19:05.243Z] FirebaseError: Request to https://firebase.googleapis.com/v1beta1/projects/aydigi had HTTP Error: 403, The caller does not have permission
    at responseToError (/opt/homebrew/lib/node_modules/firebase-tools/lib/responseToError.js:53:12)
    at RetryOperation._fn (/opt/homebrew/lib/node_modules/firebase-tools/lib/apiv2.js:333:77)
    at process.processTicksAndRejections (node:internal/process/task_queues:104:5)
[error] 
[error] Error: Failed to get Firebase project aydigi. Please make sure the project exists and your account has permission to access it.
